<?xml version="1.0" encoding="UTF-8"?>
<testsuite name="util.HttpRequestStartLineTest" tests="4" skipped="0" failures="0" errors="0" timestamp="2023-02-17T10:36:35" hostname="gimjeong-uui-MacBookAir.local" time="0.012">
  <properties/>
  <testcase name="쿼리_정상_동작()" classname="util.HttpRequestStartLineTest" time="0.008"/>
  <testcase name="지원하지_않는_메소드()" classname="util.HttpRequestStartLineTest" time="0.001"/>
  <testcase name="이상한_문장()" classname="util.HttpRequestStartLineTest" time="0.001"/>
  <testcase name="정상_동작()" classname="util.HttpRequestStartLineTest" time="0.001"/>
  <system-out><![CDATA[]]></system-out>
  <system-err><![CDATA[]]></system-err>
</testsuite>
