<?xml version="1.0" encoding="UTF-8"?>
<testsuite name="util.request.HttpRequestTest" tests="2" skipped="0" failures="0" errors="0" timestamp="2023-02-18T14:49:46" hostname="gimjeong-uui-MacBookAir.local" time="0.011">
  <properties/>
  <testcase name="HTTP_GET_Query()" classname="util.request.HttpRequestTest" time="0.01"/>
  <testcase name="HTTP_POST_Query()" classname="util.request.HttpRequestTest" time="0.001"/>
  <system-out><![CDATA[]]></system-out>
  <system-err><![CDATA[]]></system-err>
</testsuite>
