<?xml version="1.0" encoding="UTF-8"?>
<testsuite name="util.request.HttpRequestStartLineTest" tests="2" skipped="0" failures="0" errors="0" timestamp="2023-02-18T15:08:55" hostname="gimjeong-uui-MacBookAir.local" time="0.009">
  <properties/>
  <testcase name="parseStartLineWithoutQuery()" classname="util.request.HttpRequestStartLineTest" time="0.007"/>
  <testcase name="parseStartLineWithQuery()" classname="util.request.HttpRequestStartLineTest" time="0.001"/>
  <system-out><![CDATA[]]></system-out>
  <system-err><![CDATA[]]></system-err>
</testsuite>
