<?xml version="1.0" encoding="UTF-8"?>
<testsuite name="signup.dto.SignUpDTOTest" tests="1" skipped="0" failures="0" errors="0" timestamp="2023-02-18T08:23:18" hostname="gimjeong-uui-MacBookAir.local" time="0.014">
  <properties/>
  <testcase name="toUser()" classname="signup.dto.SignUpDTOTest" time="0.014"/>
  <system-out><![CDATA[]]></system-out>
  <system-err><![CDATA[]]></system-err>
</testsuite>
