<?xml version="1.0" encoding="UTF-8"?>
<testsuite name="util.request.HttpRequestUtilsTest" tests="1" skipped="0" failures="0" errors="0" timestamp="2023-02-18T14:52:23" hostname="gimjeong-uui-MacBookAir.local" time="0.007">
  <properties/>
  <testcase name="parseQuery()" classname="util.request.HttpRequestUtilsTest" time="0.007"/>
  <system-out><![CDATA[]]></system-out>
  <system-err><![CDATA[]]></system-err>
</testsuite>
